Base path: C:/Program Files (x86)/Unity/Editor/Data
Pipe name: \\.\pipe\UnityShaderCompiler-5-3616
Cmd: getPlatforms
Cmd: compileSnippet
  error: 2 plat 0 at (41): Can't open include file "ZGONShaderOps.cginc"
  api=0 type=0 insize=8079 outsize=0 kw=DIRECTIONAL SHADOWS_OFF LIGHTMAP_ON DIRLIGHTMAP_ON ok=0
Cmd: compileSnippet
  error: 2 plat 4 at (40): failed to open source file: 'ZGONShaderOps.cginc'
  api=4 type=0 insize=8079 outsize=0 kw=DIRECTIONAL SHADOWS_OFF LIGHTMAP_OFF DIRLIGHTMAP_OFF VERTEXLIGHT_ON ok=0
Cmd: compileSnippet
  error: 2 plat 0 at (41): Can't open include file "ZGONShaderOps.cginc"
  api=0 type=1 insize=8079 outsize=0 kw=DIRECTIONAL SHADOWS_OFF LIGHTMAP_ON DIRLIGHTMAP_OFF ok=0
Cmd: compileSnippet
  error: 2 plat 0 at (41): Can't open include file "ZGONShaderOps.cginc"
  api=0 type=1 insize=8079 outsize=0 kw=DIRECTIONAL SHADOWS_SCREEN LIGHTMAP_ON DIRLIGHTMAP_OFF ok=0
Cmd: compileSnippet
  error: 2 plat 1 at (41): Can't open include file "ZGONShaderOps.cginc"
  api=1 type=0 insize=5677 outsize=0 kw=POINT_COOKIE ok=0
Cmd: compileSnippet
  error: 2 plat 1 at (41): Can't open include file "ZGONShaderOps.cginc"
  api=1 type=1 insize=5677 outsize=0 kw=DIRECTIONAL ok=0
Cmd: compileSnippet
  error: 2 plat 4 at (40): failed to open source file: 'ZGONShaderOps.cginc'
  api=4 type=1 insize=5677 outsize=0 kw=DIRECTIONAL_COOKIE ok=0
Cmd: compileSnippet
  error: 2 plat 4 at (40): failed to open source file: 'ZGONShaderOps.cginc'
  api=4 type=0 insize=7520 outsize=0 kw=LIGHTMAP_ON DIRLIGHTMAP_ON HDR_LIGHT_PREPASS_OFF ok=0
Cmd: compileSnippet
  error: 2 plat 0 at (41): Can't open include file "ZGONShaderOps.cginc"
  api=0 type=0 insize=7520 outsize=0 kw=LIGHTMAP_ON DIRLIGHTMAP_OFF HDR_LIGHT_PREPASS_ON ok=0
Cmd: compileSnippet
  error: 2 plat 4 at (40): failed to open source file: 'ZGONShaderOps.cginc'
  api=4 type=1 insize=7520 outsize=0 kw=LIGHTMAP_ON DIRLIGHTMAP_ON HDR_LIGHT_PREPASS_OFF ok=0
Cmd: compileSnippet
  error: 2 plat 1 at (41): Can't open include file "ZGONShaderOps.cginc"
  api=1 type=1 insize=7520 outsize=0 kw=LIGHTMAP_ON DIRLIGHTMAP_OFF HDR_LIGHT_PREPASS_ON ok=0
Cmd: compileSnippet
  error: 2 plat 1 at (137): Can't open include file "ZGONShaderOps.cginc"
  api=1 type=0 insize=6308 outsize=0 kw=DIRECTIONAL SHADOWS_OFF LIGHTMAP_ON DIRLIGHTMAP_OFF ok=0
Cmd: compileSnippet
  error: 2 plat 4 at (136): failed to open source file: 'ZGONShaderOps.cginc'
  api=4 type=0 insize=6308 outsize=0 kw=DIRECTIONAL SHADOWS_OFF LIGHTMAP_ON DIRLIGHTMAP_ON ok=0
Cmd: compileSnippet
  error: 2 plat 4 at (136): failed to open source file: 'ZGONShaderOps.cginc'
  api=4 type=0 insize=6308 outsize=0 kw=DIRECTIONAL SHADOWS_SCREEN LIGHTMAP_ON DIRLIGHTMAP_OFF ok=0
Cmd: compileSnippet
  error: 2 plat 0 at (137): Can't open include file "ZGONShaderOps.cginc"
  api=0 type=0 insize=6308 outsize=0 kw=DIRECTIONAL SHADOWS_OFF LIGHTMAP_OFF DIRLIGHTMAP_OFF VERTEXLIGHT_ON ok=0
Cmd: compileSnippet
  error: 2 plat 0 at (137): Can't open include file "ZGONShaderOps.cginc"
  api=0 type=1 insize=6308 outsize=0 kw=DIRECTIONAL SHADOWS_OFF LIGHTMAP_OFF DIRLIGHTMAP_OFF ok=0
Cmd: compileSnippet
  error: 2 plat 8 at (136): failed to open source file: 'ZGONShaderOps.cginc'
  api=8 type=1 insize=6308 outsize=0 kw=DIRECTIONAL SHADOWS_OFF LIGHTMAP_ON DIRLIGHTMAP_ON ok=0
Cmd: compileSnippet
  error: 2 plat 1 at (137): Can't open include file "ZGONShaderOps.cginc"
  api=1 type=1 insize=6308 outsize=0 kw=DIRECTIONAL SHADOWS_SCREEN LIGHTMAP_ON DIRLIGHTMAP_OFF ok=0
Cmd: compileSnippet
  error: 2 plat 4 at (136): failed to open source file: 'ZGONShaderOps.cginc'
  api=4 type=0 insize=3906 outsize=0 kw=DIRECTIONAL ok=0
Cmd: compileSnippet
  error: 2 plat 0 at (137): Can't open include file "ZGONShaderOps.cginc"
  api=0 type=0 insize=3906 outsize=0 kw=POINT_COOKIE ok=0
Cmd: compileSnippet
  error: 2 plat 4 at (136): failed to open source file: 'ZGONShaderOps.cginc'
  api=4 type=0 insize=3906 outsize=0 kw=DIRECTIONAL_COOKIE ok=0
Cmd: compileSnippet
  error: 2 plat 1 at (137): Can't open include file "ZGONShaderOps.cginc"
  api=1 type=1 insize=3906 outsize=0 kw=DIRECTIONAL ok=0
Cmd: compileSnippet
  error: 2 plat 8 at (136): failed to open source file: 'ZGONShaderOps.cginc'
  api=8 type=1 insize=3906 outsize=0 kw=POINT_COOKIE ok=0
Cmd: compileSnippet
  error: 2 plat 0 at (137): Can't open include file "ZGONShaderOps.cginc"
  api=0 type=0 insize=5781 outsize=0 kw=LIGHTMAP_OFF DIRLIGHTMAP_OFF HDR_LIGHT_PREPASS_OFF ok=0
Cmd: compileSnippet
  error: 2 plat 1 at (137): Can't open include file "ZGONShaderOps.cginc"
  api=1 type=0 insize=5781 outsize=0 kw=LIGHTMAP_OFF DIRLIGHTMAP_OFF HDR_LIGHT_PREPASS_ON ok=0
Cmd: compileSnippet
  error: 2 plat 8 at (136): failed to open source file: 'ZGONShaderOps.cginc'
  api=8 type=0 insize=5781 outsize=0 kw=LIGHTMAP_ON DIRLIGHTMAP_OFF HDR_LIGHT_PREPASS_ON ok=0
Cmd: compileSnippet
  error: 2 plat 1 at (137): Can't open include file "ZGONShaderOps.cginc"
  api=1 type=1 insize=5781 outsize=0 kw=LIGHTMAP_ON DIRLIGHTMAP_OFF HDR_LIGHT_PREPASS_OFF ok=0
Cmd: compileSnippet
  error: 2 plat 8 at (136): failed to open source file: 'ZGONShaderOps.cginc'
  api=8 type=1 insize=5781 outsize=0 kw=LIGHTMAP_OFF DIRLIGHTMAP_OFF HDR_LIGHT_PREPASS_ON ok=0
Cmd: compileSnippet
  error: 2 plat 1 at (137): Can't open include file "ZGONShaderOps.cginc"
  api=1 type=1 insize=5781 outsize=0 kw=LIGHTMAP_ON DIRLIGHTMAP_ON HDR_LIGHT_PREPASS_ON ok=0
Cmd: compileSnippet
  error: 2 plat 0 at (41): Can't open include file "ZGONShaderOps.cginc"
  api=0 type=0 insize=8079 outsize=0 kw=DIRECTIONAL SHADOWS_OFF LIGHTMAP_ON DIRLIGHTMAP_ON ok=0
Cmd: compileSnippet
  error: 2 plat 4 at (40): failed to open source file: 'ZGONShaderOps.cginc'
  api=4 type=0 insize=8079 outsize=0 kw=DIRECTIONAL SHADOWS_SCREEN LIGHTMAP_ON DIRLIGHTMAP_OFF ok=0
Cmd: compileSnippet
  error: 2 plat 4 at (40): failed to open source file: 'ZGONShaderOps.cginc'
  api=4 type=0 insize=8079 outsize=0 kw=DIRECTIONAL SHADOWS_OFF LIGHTMAP_OFF DIRLIGHTMAP_OFF VERTEXLIGHT_ON ok=0
Cmd: compileSnippet
  error: 2 plat 1 at (41): Can't open include file "ZGONShaderOps.cginc"
  api=1 type=1 insize=8079 outsize=0 kw=DIRECTIONAL SHADOWS_OFF LIGHTMAP_ON DIRLIGHTMAP_ON ok=0
Cmd: compileSnippet
  error: 2 plat 4 at (40): failed to open source file: 'ZGONShaderOps.cginc'
  api=4 type=1 insize=8079 outsize=0 kw=DIRECTIONAL SHADOWS_SCREEN LIGHTMAP_OFF DIRLIGHTMAP_OFF ok=0
Cmd: compileSnippet
  error: 2 plat 0 at (41): Can't open include file "ZGONShaderOps.cginc"
  api=0 type=0 insize=5677 outsize=0 kw=POINT ok=0
Cmd: compileSnippet
  error: 2 plat 0 at (41): Can't open include file "ZGONShaderOps.cginc"
  api=0 type=0 insize=5677 outsize=0 kw=DIRECTIONAL_COOKIE ok=0
Cmd: compileSnippet
  error: 2 plat 1 at (41): Can't open include file "ZGONShaderOps.cginc"
  api=1 type=1 insize=5677 outsize=0 kw=SPOT ok=0
Cmd: compileSnippet
  error: 2 plat 1 at (41): Can't open include file "ZGONShaderOps.cginc"
  api=1 type=0 insize=5594 outsize=0 kw= ok=0
Cmd: compileSnippet
  error: 2 plat 1 at (41): Can't open include file "ZGONShaderOps.cginc"
  api=1 type=0 insize=7520 outsize=0 kw=LIGHTMAP_ON DIRLIGHTMAP_ON HDR_LIGHT_PREPASS_OFF ok=0
Cmd: compileSnippet
  error: 2 plat 0 at (41): Can't open include file "ZGONShaderOps.cginc"
  api=0 type=0 insize=7520 outsize=0 kw=LIGHTMAP_ON DIRLIGHTMAP_OFF HDR_LIGHT_PREPASS_ON ok=0
Cmd: compileSnippet
  error: 2 plat 0 at (41): Can't open include file "ZGONShaderOps.cginc"
  api=0 type=1 insize=7520 outsize=0 kw=LIGHTMAP_OFF DIRLIGHTMAP_OFF HDR_LIGHT_PREPASS_OFF ok=0
Cmd: compileSnippet
  error: 2 plat 0 at (41): Can't open include file "ZGONShaderOps.cginc"
  api=0 type=1 insize=7520 outsize=0 kw=LIGHTMAP_OFF DIRLIGHTMAP_OFF HDR_LIGHT_PREPASS_ON ok=0
Cmd: compileSnippet
  error: 2 plat 0 at (137): Can't open include file "ZGONShaderOps.cginc"
  api=0 type=0 insize=6308 outsize=0 kw=DIRECTIONAL SHADOWS_OFF LIGHTMAP_ON DIRLIGHTMAP_OFF ok=0
Cmd: compileSnippet
  error: 2 plat 4 at (136): failed to open source file: 'ZGONShaderOps.cginc'
  api=4 type=0 insize=6308 outsize=0 kw=DIRECTIONAL SHADOWS_OFF LIGHTMAP_ON DIRLIGHTMAP_ON ok=0
Cmd: compileSnippet
  error: 2 plat 1 at (137): Can't open include file "ZGONShaderOps.cginc"
  api=1 type=0 insize=6308 outsize=0 kw=DIRECTIONAL SHADOWS_SCREEN LIGHTMAP_ON DIRLIGHTMAP_OFF ok=0
Cmd: compileSnippet
  error: 2 plat 1 at (137): Can't open include file "ZGONShaderOps.cginc"
  api=1 type=0 insize=6308 outsize=0 kw=DIRECTIONAL SHADOWS_OFF LIGHTMAP_OFF DIRLIGHTMAP_OFF VERTEXLIGHT_ON ok=0
Cmd: compileSnippet
  error: 2 plat 8 at (136): failed to open source file: 'ZGONShaderOps.cginc'
  api=8 type=1 insize=6308 outsize=0 kw=DIRECTIONAL SHADOWS_OFF LIGHTMAP_ON DIRLIGHTMAP_OFF ok=0
Cmd: compileSnippet
  error: 2 plat 1 at (137): Can't open include file "ZGONShaderOps.cginc"
  api=1 type=1 insize=6308 outsize=0 kw=DIRECTIONAL SHADOWS_OFF LIGHTMAP_ON DIRLIGHTMAP_ON ok=0
Cmd: compileSnippet
  error: 2 plat 8 at (136): failed to open source file: 'ZGONShaderOps.cginc'
  api=8 type=1 insize=6308 outsize=0 kw=DIRECTIONAL SHADOWS_SCREEN LIGHTMAP_ON DIRLIGHTMAP_OFF ok=0
Cmd: compileSnippet
  error: 2 plat 8 at (136): failed to open source file: 'ZGONShaderOps.cginc'
  api=8 type=0 insize=3906 outsize=0 kw=DIRECTIONAL ok=0
Cmd: compileSnippet
  error: 2 plat 4 at (136): failed to open source file: 'ZGONShaderOps.cginc'
  api=4 type=0 insize=3906 outsize=0 kw=SPOT ok=0
Cmd: compileSnippet
  error: 2 plat 0 at (137): Can't open include file "ZGONShaderOps.cginc"
  api=0 type=0 insize=3906 outsize=0 kw=DIRECTIONAL_COOKIE ok=0
Cmd: compileSnippet
  error: 2 plat 8 at (136): failed to open source file: 'ZGONShaderOps.cginc'
  api=8 type=1 insize=3906 outsize=0 kw=DIRECTIONAL ok=0
Cmd: compileSnippet
  error: 2 plat 8 at (136): failed to open source file: 'ZGONShaderOps.cginc'
  api=8 type=1 insize=3906 outsize=0 kw=POINT_COOKIE ok=0
Cmd: compileSnippet
  error: 2 plat 0 at (137): Can't open include file "ZGONShaderOps.cginc"
  api=0 type=0 insize=5781 outsize=0 kw=LIGHTMAP_OFF DIRLIGHTMAP_OFF HDR_LIGHT_PREPASS_OFF ok=0
Cmd: compileSnippet
  error: 2 plat 8 at (136): failed to open source file: 'ZGONShaderOps.cginc'
  api=8 type=0 insize=5781 outsize=0 kw=LIGHTMAP_ON DIRLIGHTMAP_ON HDR_LIGHT_PREPASS_OFF ok=0
Cmd: compileSnippet
  error: 2 plat 1 at (137): Can't open include file "ZGONShaderOps.cginc"
  api=1 type=0 insize=5781 outsize=0 kw=LIGHTMAP_ON DIRLIGHTMAP_OFF HDR_LIGHT_PREPASS_ON ok=0
Cmd: compileSnippet
  error: 2 plat 0 at (137): Can't open include file "ZGONShaderOps.cginc"
  api=0 type=1 insize=5781 outsize=0 kw=LIGHTMAP_ON DIRLIGHTMAP_OFF HDR_LIGHT_PREPASS_OFF ok=0
Cmd: compileSnippet
  error: 2 plat 1 at (137): Can't open include file "ZGONShaderOps.cginc"
  api=1 type=1 insize=5781 outsize=0 kw=LIGHTMAP_OFF DIRLIGHTMAP_OFF HDR_LIGHT_PREPASS_ON ok=0
Cmd: compileSnippet
  error: 2 plat 4 at (136): failed to open source file: 'ZGONShaderOps.cginc'
  api=4 type=1 insize=5781 outsize=0 kw=LIGHTMAP_ON DIRLIGHTMAP_ON HDR_LIGHT_PREPASS_ON ok=0
